In file included from ../src/bufferutil.cc:17:
../../nan/nan.h:43:3: error: #error This version of node/NAN/v8 requires a C++11 compiler
In file included from ../src/bufferutil.cc:8:
/home/crmmrhomecarenet/.node-gyp/6.9.1/include/node/v8.h:345: error: expected unqualified-id before 'using'
/home/crmmrhomecarenet/.node-gyp/6.9.1/include/node/v8.h: In constructor 'v8::MaybeLocal<T>::MaybeLocal()':
/home/crmmrhomecarenet/.node-gyp/6.9.1/include/node/v8.h:362: error: 'nullptr' was not declared in this scope
/home/crmmrhomecarenet/.node-gyp/6.9.1/include/node/v8.h: In member function 'bool v8::MaybeLocal<T>::IsEmpty() const':
/home/crmmrhomecarenet/.node-gyp/6.9.1/include/node/v8.h:369: error: 'nullptr' was not declared in this scope
/home/crmmrhomecarenet/.node-gyp/6.9.1/include/node/v8.h: In member function 'bool v8::MaybeLocal<T>::ToLocal(v8::Local<S>*) const':
/home/crmmrhomecarenet/.node-gyp/6.9.1/include/node/v8.h:373: error: 'nullptr' was not declared in this scope
/home/crmmrhomecarenet/.node-gyp/6.9.1/include/node/v8.h: In member function 'bool v8::WeakCallbackInfo<T>::IsFirstPass() const':
/home/crmmrhomecarenet/.node-gyp/6.9.1/include/node/v8.h:441: error: 'nullptr' was not declared in this scope
/home/crmmrhomecarenet/.node-gyp/6.9.1/include/node/v8.h: At global scope:
/home/crmmrhomecarenet/.node-gyp/6.9.1/include/node/v8.h:481: error: expected unqualified-id before 'using'
/home/crmmrhomecarenet/.node-gyp/6.9.1/include/node/v8.h: In constructor 'v8::Global<T>::Global()':
/home/crmmrhomecarenet/.node-gyp/6.9.1/include/node/v8.h:820: error: 'nullptr' was not declared in this scope
/home/crmmrhomecarenet/.node-gyp/6.9.1/include/node/v8.h: In constructor 'v8::Global<T>::Global(v8::Global<T>&&)':
/home/crmmrhomecarenet/.node-gyp/6.9.1/include/node/v8.h:845: error: 'nullptr' was not declared in this scope
/home/crmmrhomecarenet/.node-gyp/6.9.1/include/node/v8.h: In member function 'v8::Global<T>& v8::Global<T>::operator=(v8::Global<S>&&)':
/home/crmmrhomecarenet/.node-gyp/6.9.1/include/node/v8.h:857: error: 'nullptr' was not declared in this scope
/home/crmmrhomecarenet/.node-gyp/6.9.1/include/node/v8.h: At global scope:
/home/crmmrhomecarenet/.node-gyp/6.9.1/include/node/v8.h:882: error: expected unqualified-id before 'using'
/home/crmmrhomecarenet/.node-gyp/6.9.1/include/node/v8.h:1119: error: 'nullptr' was not declared in this scope
/home/crmmrhomecarenet/.node-gyp/6.9.1/include/node/v8.h:1125: error: 'nullptr' was not declared in this scope
/home/crmmrhomecarenet/.node-gyp/6.9.1/include/node/v8.h: In member function 'v8::MaybeLocal<v8::Object> v8::Function::NewInstance(v8::Local<v8::Context>) const':
/home/crmmrhomecarenet/.node-gyp/6.9.1/include/node/v8.h:3277: error: 'nullptr' was not declared in this scope
/home/crmmrhomecarenet/.node-gyp/6.9.1/include/node/v8.h: At global scope:
/home/crmmrhomecarenet/.node-gyp/6.9.1/include/node/v8.h:4497: error: 'nullptr' was not declared in this scope
/home/crmmrhomecarenet/.node-gyp/6.9.1/include/node/v8.h:4513: error: 'nullptr' was not declared in this scope
/home/crmmrhomecarenet/.node-gyp/6.9.1/include/node/v8.h: In member function 'v8::Local<T> v8::MaybeLocal<T>::ToLocalChecked()':
/home/crmmrhomecarenet/.node-gyp/6.9.1/include/node/v8.h:7537: error: 'nullptr' was not declared in this scope
In file included from ../../nan/nan.h:190,
                 from ../src/bufferutil.cc:17:
../../nan/nan_maybe_43_inl.h: At global scope:
../../nan/nan_maybe_43_inl.h:13: error: expected unqualified-id before 'using'
../../nan/nan_maybe_43_inl.h:16: error: expected unqualified-id before 'using'
../../nan/nan_maybe_43_inl.h:19: error: expected initializer before '<' token
../../nan/nan_maybe_43_inl.h:24: error: expected initializer before '<' token
../../nan/nan_maybe_43_inl.h:31: error: expected initializer before '<' token
../../nan/nan_maybe_43_inl.h:36: error: expected initializer before '<' token
../../nan/nan_maybe_43_inl.h:41: error: expected initializer before '<' token
../../nan/nan_maybe_43_inl.h:46: error: expected initializer before '<' token
../../nan/nan_maybe_43_inl.h:51: error: expected initializer before '<' token
../../nan/nan_maybe_43_inl.h:59: error: expected initializer before '<' token
../../nan/nan_maybe_43_inl.h:64: error: expected initializer before '<' token
../../nan/nan_maybe_43_inl.h:69: error: expected initializer before '<' token
../../nan/nan_maybe_43_inl.h:76: error: expected initializer before '<' token
../../nan/nan_maybe_43_inl.h:83: error: expected initializer before '<' token
../../nan/nan_maybe_43_inl.h:91: error: expected initializer before '<' token
../../nan/nan_maybe_43_inl.h:98: error: expected initializer before '<' token
../../nan/nan_maybe_43_inl.h:108: error: expected initializer before '<' token
../../nan/nan_maybe_43_inl.h:114: error: expected initializer before '<' token
../../nan/nan_maybe_43_inl.h:118: error: expected initializer before '<' token
../../nan/nan_maybe_43_inl.h:125: error: expected initializer before '<' token
../../nan/nan_maybe_43_inl.h:130: error: expected initializer before '<' token
../../nan/nan_maybe_43_inl.h:135: error: expected initializer before '<' token
../../nan/nan_maybe_43_inl.h:139: error: expected initializer before '<' token
../../nan/nan_maybe_43_inl.h:145: error: expected initializer before '<' token
../../nan/nan_maybe_43_inl.h:150: error: expected initializer before '<' token
../../nan/nan_maybe_43_inl.h:156: error: expected initializer before '<' token
../../nan/nan_maybe_43_inl.h:162: error: expected initializer before '<' token
../../nan/nan_maybe_43_inl.h:168: error: expected initializer before '<' token
../../nan/nan_maybe_43_inl.h:174: error: expected initializer before '<' token
../../nan/nan_maybe_43_inl.h:180: error: expected initializer before '<' token
../../nan/nan_maybe_43_inl.h:186: error: expected initializer before '<' token
../../nan/nan_maybe_43_inl.h:194: error: expected initializer before '<' token
../../nan/nan_maybe_43_inl.h:201: error: expected initializer before '<' token
../../nan/nan_maybe_43_inl.h:205: error: expected initializer before '<' token
../../nan/nan_maybe_43_inl.h:209: error: expected initializer before '<' token
../../nan/nan_maybe_43_inl.h:213: error: expected initializer before '<' token
../../nan/nan_maybe_43_inl.h:217: error: expected initializer before '<' token
../src/bufferutil.cc:121: error: expected '}' at end of input
../../nan/nan_callbacks_12_inl.h:167: warning: 'void Nan::imp::FunctionCallbackWrapper(const v8::FunctionCallbackInfo<v8::Value>&)' defined but not used
../../nan/nan_callbacks_12_inl.h:181: warning: 'void Nan::imp::GetterCallbackWrapper(v8::Local<v8::Name>, const v8::PropertyCallbackInfo<v8::Value>&)' defined but not used
../../nan/nan_callbacks_12_inl.h:197: warning: 'void Nan::imp::SetterCallbackWrapper(v8::Local<v8::Name>, v8::Local<v8::Value>, const v8::PropertyCallbackInfo<void>&)' defined but not used
../../nan/nan_callbacks_12_inl.h:253: warning: 'void Nan::imp::PropertyGetterCallbackWrapper(v8::Local<v8::Name>, const v8::PropertyCallbackInfo<v8::Value>&)' defined but not used
../../nan/nan_callbacks_12_inl.h:270: warning: 'void Nan::imp::PropertySetterCallbackWrapper(v8::Local<v8::Name>, v8::Local<v8::Value>, const v8::PropertyCallbackInfo<v8::Value>&)' defined but not used
../../nan/nan_callbacks_12_inl.h:290: warning: 'void Nan::imp::PropertyEnumeratorCallbackWrapper(const v8::PropertyCallbackInfo<v8::Array>&)' defined but not used
../../nan/nan_callbacks_12_inl.h:306: warning: 'void Nan::imp::PropertyDeleterCallbackWrapper(v8::Local<v8::Name>, const v8::PropertyCallbackInfo<v8::Boolean>&)' defined but not used
../../nan/nan_callbacks_12_inl.h:323: warning: 'void Nan::imp::PropertyQueryCallbackWrapper(v8::Local<v8::Name>, const v8::PropertyCallbackInfo<v8::Integer>&)' defined but not used
../../nan/nan_callbacks_12_inl.h:428: warning: 'void Nan::imp::IndexGetterCallbackWrapper(uint32_t, const v8::PropertyCallbackInfo<v8::Value>&)' defined but not used
../../nan/nan_callbacks_12_inl.h:444: warning: 'void Nan::imp::IndexSetterCallbackWrapper(uint32_t, v8::Local<v8::Value>, const v8::PropertyCallbackInfo<v8::Value>&)' defined but not used
../../nan/nan_callbacks_12_inl.h:464: warning: 'void Nan::imp::IndexEnumeratorCallbackWrapper(const v8::PropertyCallbackInfo<v8::Array>&)' defined but not used
../../nan/nan_callbacks_12_inl.h:480: warning: 'void Nan::imp::IndexDeleterCallbackWrapper(uint32_t, const v8::PropertyCallbackInfo<v8::Boolean>&)' defined but not used
../../nan/nan_callbacks_12_inl.h:496: warning: 'void Nan::imp::IndexQueryCallbackWrapper(uint32_t, const v8::PropertyCallbackInfo<v8::Integer>&)' defined but not used
make: *** [Release/obj.target/bufferutil/src/bufferutil.o] Error 1
gyp ERR! build error 
gyp ERR! stack Error: `make` failed with exit code: 2
gyp ERR! stack     at ChildProcess.onExit (/usr/lib/node_modules/npm/node_modules/node-gyp/lib/build.js:276:23)
gyp ERR! stack     at emitTwo (events.js:106:13)
gyp ERR! stack     at ChildProcess.emit (events.js:191:7)
gyp ERR! stack     at Process.ChildProcess._handle.onexit (internal/child_process.js:215:12)
gyp ERR! System Linux 2.6.32-504.23.4.el6.x86_64
gyp ERR! command "/usr/bin/node" "/usr/lib/node_modules/npm/node_modules/node-gyp/bin/node-gyp.js" "rebuild"
gyp ERR! cwd /home/crmmrhomecarenet/public_html/node_modules/websocket
gyp ERR! node -v v6.9.1
gyp ERR! node-gyp -v v3.4.0
gyp ERR! not ok 
